<?xml version="1.0" encoding="UTF-8"?>
<!-- Generated by org.testng.reporters.JUnitXMLReporter -->
<testsuite ignored="0" hostname="Kanimozhi-Lp" failures="0" tests="5" name="Default test" time="4.906" errors="0" timestamp="29 Jan 2024 12:15:43 GMT">
  <testcase classname="org.testngapi.ApiTestng1" name="case1_GetQueryParam" time="1.794"/>
  <testcase classname="org.testngapi.ApiTestng1" name="case2_GetPathParam" time="0.144"/>
  <testcase classname="org.testngapi.ApiTestng1" name="case3_PostRequest" time="0.631"/>
  <testcase classname="org.testngapi.ApiTestng1" name="case4_PutRequest" time="1.619"/>
  <testcase classname="org.testngapi.ApiTestng1" name="case5_DeleteRequest" time="0.681"/>
</testsuite> <!-- Default test -->
