<?xml version="1.0" encoding="UTF-8"?>
<!-- Generated by org.testng.reporters.JUnitXMLReporter -->
<testsuite ignored="0" hostname="Kanimozhi-Lp" failures="0" tests="5" name="Default test" time="3.386" errors="0" timestamp="29 Jan 2024 11:54:53 GMT">
  <testcase classname="org.testngapi.ApiTestng1" name="case1_GetQueryParam" time="1.765"/>
  <testcase classname="org.testngapi.ApiTestng1" name="case2_GetPathParam" time="0.129"/>
  <testcase classname="org.testngapi.ApiTestng1" name="case3_PostRequest" time="0.537"/>
  <testcase classname="org.testngapi.ApiTestng1" name="case4_PutRequest" time="0.417"/>
  <testcase classname="org.testngapi.ApiTestng1" name="case5_DeleteRequest" time="0.503"/>
</testsuite> <!-- Default test -->
