<?xml version="1.0" encoding="UTF-8"?>
<testng-results ignored="0" total="5" passed="5" failed="0" skipped="0">
  <reporter-output>
  </reporter-output>
  <suite started-at="2024-01-29T11:54:49Z" name="Default suite" finished-at="2024-01-29T11:54:53Z" duration-ms="3386">
    <groups>
    </groups>
    <test started-at="2024-01-29T11:54:49Z" name="Default test" finished-at="2024-01-29T11:54:53Z" duration-ms="3386">
      <class name="org.testngapi.ApiTestng1">
        <test-method signature="case1_GetQueryParam()[pri:0, instance:org.testngapi.ApiTestng1@235ecd9f]" started-at="2024-01-29T11:54:49Z" name="case1_GetQueryParam" finished-at="2024-01-29T11:54:51Z" duration-ms="1765" status="PASS">
          <reporter-output>
          </reporter-output>
        </test-method> <!-- case1_GetQueryParam -->
        <test-method signature="case2_GetPathParam()[pri:0, instance:org.testngapi.ApiTestng1@235ecd9f]" started-at="2024-01-29T11:54:51Z" name="case2_GetPathParam" finished-at="2024-01-29T11:54:51Z" duration-ms="129" status="PASS">
          <reporter-output>
          </reporter-output>
        </test-method> <!-- case2_GetPathParam -->
        <test-method signature="case3_PostRequest()[pri:0, instance:org.testngapi.ApiTestng1@235ecd9f]" started-at="2024-01-29T11:54:51Z" name="case3_PostRequest" finished-at="2024-01-29T11:54:52Z" duration-ms="537" status="PASS">
          <reporter-output>
          </reporter-output>
        </test-method> <!-- case3_PostRequest -->
        <test-method signature="case4_PutRequest()[pri:0, instance:org.testngapi.ApiTestng1@235ecd9f]" started-at="2024-01-29T11:54:52Z" name="case4_PutRequest" finished-at="2024-01-29T11:54:52Z" duration-ms="417" status="PASS">
          <reporter-output>
          </reporter-output>
        </test-method> <!-- case4_PutRequest -->
        <test-method signature="case5_DeleteRequest()[pri:0, instance:org.testngapi.ApiTestng1@235ecd9f]" started-at="2024-01-29T11:54:52Z" name="case5_DeleteRequest" finished-at="2024-01-29T11:54:53Z" duration-ms="503" status="PASS">
          <reporter-output>
          </reporter-output>
        </test-method> <!-- case5_DeleteRequest -->
      </class> <!-- org.testngapi.ApiTestng1 -->
    </test> <!-- Default test -->
  </suite> <!-- Default suite -->
</testng-results>
